MPASM 5.82        FREQUENCY_CLKGEN_100HZ.ASM   3-25-2019  18:44:23         PAGE  1


LOC  OBJECT CODE     LINE SOURCE TEXT
  VALUE

                      00001 
                      00002 
                      00003 ;Filename: MPLAB-X Template.asm                                                                         
                                                                    
                      00004 ; Function:     Template for student projects
                      00005 ;                                                                                                       
                                                                    
                      00006 ; Author: Prof. C                                                                                       
                                            
                      00007 ; Date: 01/4/2017                                                                                       
                                            
                      00008 ;************************************************************************
                      00009                 #include <p16f84a.inc>
                      00001         LIST
                      00002 
                      00003 ;==========================================================================
                      00004 ;  MPASM PIC16F84A processor include
                      00005 ; 
                      00006 ;  (c) Copyright 1999-2013 Microchip Technology, All rights reserved
                      00007 ;==========================================================================
                      00008 
                      00211         LIST
                      00010 ; ================      EQUATES  =========================================
                      00011 ;  You must put EQUATES at the top of
                      00012 ; program that defines all variable names that you use in your program which are not
                      00013 ; covered by the <p16f84a include file.
  00000040            00014 TEMP            EQU             0x40            ;Just picked any GPR at between 0C hex to 4F hex.  
  00000041            00015 TEMP2           EQU             0x41            ; They may or may not be correct for your program.
  00000042            00016 COUNT           EQU             0x42            ;Feel free to define other variables needed by your prog
                            ram.
  00000043            00017 CLOCK           EQU             0x43
                      00018 
                      00019 ;                               
                      00020 ; =======================================================================                               
                      00021 
2007   3FF2           00022                 __CONFIG        0X3FF2          ;This is the control bits for CONFIG register
                      00023                 ORG                     0X0000          ;RESET or WDT reset vector
0000   2???           00024                 GOTO            START
                      00025                 
                      00026                 ORG                     0X0004          ;Regular INT vector RESERVE THIS SPACE.  DON'T U
                            SE IT
0004   0009           00027                 RETFIE
                      00028 
                      00029 ; initialize the Ports and any registers
0005   0103           00030 START   clrw
0006   1683           00031         bsf             STATUS,RP0      ;set Bank1 access
Message[302]: Register in operand not in bank 0.  Ensure that bank bits are correct.
0007   0086           00032         movwf           TRISB           ; set PORTB to outputs
0008   1283           00033         bcf             STATUS,RP0      ; set bank0 access
0009   01C0           00034         clrf            TEMP            ; clear temp register
                      00035 
                      00036 ;Main Program
                      00037 
MPASM 5.82        FREQUENCY_CLKGEN_100HZ.ASM   3-25-2019  18:44:23         PAGE  2


LOC  OBJECT CODE     LINE SOURCE TEXT
  VALUE

000A   0000           00038 Main    nop                             ; main program area for your program
000B                  00039 One_Loop_Delay
000B   3002           00040         MOVLW       0x02
000C   00C0           00041         MOVWF       TEMP
000D                  00042 Loop
000D   03C0           00043         DECF        TEMP,F
000E   1D03           00044         BTFSS       STATUS,Z
000F   2???           00045         goto        Loop                                
3FF2                  00046         END
MPASM 5.82        FREQUENCY_CLKGEN_100HZ.ASM   3-25-2019  18:44:23         PAGE  3


SYMBOL TABLE
  LABEL                             VALUE 

C                                 00000000
CLOCK                             00000043
COUNT                             00000042
DC                                00000001
EEADR                             00000009
EECON1                            00000088
EECON2                            00000089
EEDATA                            00000008
EEIE                              00000006
EEIF                              00000004
F                                 00000001
FSR                               00000004
GIE                               00000007
INDF                              00000000
INTCON                            0000000B
INTE                              00000004
INTEDG                            00000006
INTF                              00000001
IRP                               00000007
Loop                              0000000D
Main                              0000000A
NOT_PD                            00000003
NOT_RBPU                          00000007
NOT_TO                            00000004
OPTION_REG                        00000081
One_Loop_Delay                    0000000B
PCL                               00000002
PCLATH                            0000000A
PORTA                             00000005
PORTB                             00000006
PS0                               00000000
PS1                               00000001
PS2                               00000002
PSA                               00000003
RA0                               00000000
RA1                               00000001
RA2                               00000002
RA3                               00000003
RA4                               00000004
RB0                               00000000
RB1                               00000001
RB2                               00000002
RB3                               00000003
RB4                               00000004
RB5                               00000005
RB6                               00000006
RB7                               00000007
RBIE                              00000003
RBIF                              00000000
RD                                00000000
RP0                               00000005
RP1                               00000006
START                             00000005
MPASM 5.82        FREQUENCY_CLKGEN_100HZ.ASM   3-25-2019  18:44:23         PAGE  4


SYMBOL TABLE
  LABEL                             VALUE 

STATUS                            00000003
T0CS                              00000005
T0IE                              00000005
T0IF                              00000002
T0SE                              00000004
TEMP                              00000040
TEMP2                             00000041
TMR0                              00000001
TMR0IE                            00000005
TMR0IF                            00000002
TRISA                             00000085
TRISA0                            00000000
TRISA1                            00000001
TRISA2                            00000002
TRISA3                            00000003
TRISA4                            00000004
TRISB                             00000086
TRISB0                            00000000
TRISB1                            00000001
TRISB2                            00000002
TRISB3                            00000003
TRISB4                            00000004
TRISB5                            00000005
TRISB6                            00000006
TRISB7                            00000007
W                                 00000000
WR                                00000001
WREN                              00000002
WRERR                             00000003
Z                                 00000002
_CONFIG                           00002007
_CP_OFF                           00003FFF
_CP_ON                            0000000F
_DEVID1                           00002006
_FOSC_EXTRC                       00003FFF
_FOSC_HS                          00003FFE
_FOSC_LP                          00003FFC
_FOSC_XT                          00003FFD
_HS_N0_WDT_PTM                    00003FF2
_HS_NO_WDT                        00003FFA
_HS_OSC                           00003FFE
_IDLOC0                           00002000
_IDLOC1                           00002001
_IDLOC2                           00002002
_IDLOC3                           00002003
_LP_OSC                           00003FFC
_PWRTE_OFF                        00003FFF
_PWRTE_ON                         00003FF7
_RC_OSC                           00003FFF
_WDTE_OFF                         00003FFB
_WDTE_ON                          00003FFF
_WDT_OFF                          00003FFB
_WDT_ON                           00003FFF
MPASM 5.82        FREQUENCY_CLKGEN_100HZ.ASM   3-25-2019  18:44:23         PAGE  5


SYMBOL TABLE
  LABEL                             VALUE 

_XT_OSC                           00003FFD
__16F84A                          00000001

Errors   :     0
Warnings :     0 reported,     0 suppressed
Messages :     1 reported,     0 suppressed

