MPASM 5.82             LAB_7_BINARYCOUNT.ASM   4-14-2019  14:52:43         PAGE  1


LOC  OBJECT CODE     LINE SOURCE TEXT
  VALUE

                      00001 
                      00002 
                      00003 ;Filename: 1 Hz Binary Counter w/ Subroutine Delay.asm                                                  
                                                                                            
                      00004 ; Function: Generate an 8-bit binary counter with a delay of 1s between each count
                      00005 ;                                                                                                       
                                                                    
                      00006 ; Author: Vincente Bruno                                                                                
                                                    
                      00007 ; Date: 04/08/2019                                                                                      
                                            
                      00008 ;************************************************************************
                      00009                 #include <p16f84a.inc>
                      00001         LIST
                      00002 
                      00003 ;==========================================================================
                      00004 ;  MPASM PIC16F84A processor include
                      00005 ; 
                      00006 ;  (c) Copyright 1999-2013 Microchip Technology, All rights reserved
                      00007 ;==========================================================================
                      00008 
                      00211         LIST
                      00010 ; ================      EQUATES  =========================================
                      00011 ;  You must put EQUATES at the top of
                      00012 ; program that defines all variable names that you use in your program which are not
                      00013 ; covered by the <p16f84a include file.
  00000040            00014 TEMP            EQU             0x40            ;Just picked any GPR at between 0C hex to 4F hex.  
  00000041            00015 TEMP2           EQU             0x41            ; They may or may not be correct for your program.
  00000042            00016 COUNT           EQU             0x42            ;Feel free to define other variables needed by your prog
                            ram.
  00000043            00017 CLOCK           EQU             0x43
  00000044            00018 COUNT1          EQU             0x44
  00000045            00019 COUNT2          EQU             0x45
                      00020 ;                               
                      00021 ; =======================================================================                               
                      00022 
2007   3FF2           00023                 __CONFIG        0X3FF2          ;This is the control bits for CONFIG register
0000                  00024                 ORG                     0X0000          ;RESET or WDT reset vector
0000   2805           00025                 GOTO            START
                      00026                 
0004                  00027                 ORG                     0X0004          ;Regular INT vector RESERVE THIS SPACE.  DON'T U
                            SE IT
0004   0009           00028                 RETFIE
                      00029 
                      00030 ; initialize the Ports and any registers
0005   0103           00031 START   clrw
0006   1683           00032         bsf             STATUS,RP0      ;set Bank1 access
Message[302]: Register in operand not in bank 0.  Ensure that bank bits are correct.
0007   0086           00033         movwf           TRISB           ; set PORTB to outputs
0008   1283           00034         bcf             STATUS,RP0      ; set bank0 access
0009   01C0           00035         clrf            TEMP            ; clear temp register
000A   0186           00036         clrf            PORTB
                      00037 
MPASM 5.82             LAB_7_BINARYCOUNT.ASM   4-14-2019  14:52:43         PAGE  2


LOC  OBJECT CODE     LINE SOURCE TEXT
  VALUE

                      00038 ;Main Program
                      00039 
000B   0000           00040 Main    nop
000C   0A86           00041         INCF            PORTB,1         ; (1) Increment PORTB until all 8 bits are on.
000D   200F           00042         CALL            DELAY           ; (2) go to DELAY in Subroutine
000E   280B           00043         goto            Main            ; (2) go to main
                      00044         
000F                  00045 Subroutine                              ; subroutine area                               
000F                  00046 DELAY
000F   300B           00047         MOVLW           d'11'           ; (1) Move # to WREG
0010   00C2           00048         MOVWF           COUNT           ; (1) Move value in WREG to COUNT1
0011   301F           00049         MOVLW           d'31'           ; (1) Move # to WREG
0012   00C4           00050         MOVWF           COUNT1          ; (1) Move value in WREG to COUNT
0013   0081           00051         MOVWF           d'1'            ; (1) Move # to WREG
0014   3045           00052         MOVLW           COUNT2          ; (1) Move value in WREG to TEMP
0015                  00053 Loop1
0015   0BC5           00054         DECFSZ          COUNT2,1        ; (1,2) Decrement COUNT1
0016   2815           00055         goto            Loop1           ; (2) Go back to Loop 3
0017   0000           00056         nop                             ; (1)
0018   0000           00057         nop                             ; (1)
0019                  00058 Loop2
0019   0BC4           00059         DECFSZ          COUNT1,1        ; (1,2) Decrement TEMP
001A   2815           00060         goto            Loop1           ; (2) Loop around
001B   0000           00061         nop                             ; (1)
001C   0000           00062         nop                             ; (1)
001D   0000           00063         nop                             ; (1)
001E                  00064 Loop3
001E   0BC2           00065         DECFSZ          COUNT,1         ; (1,2) Decrement COUNT register 8 times and skip when 0
001F   2815           00066         goto            Loop1           ; (2) Go to the COUNT loop
0020   0000           00067         nop                             ; (1)
0021   0000           00068         nop                             ; (1)
0022   0000           00069         nop                             ; (1)
0023   0008           00070         return                          ; (2) return from subroutine
                      00071         
                      00072         
                      00073         END             
MPASM 5.82             LAB_7_BINARYCOUNT.ASM   4-14-2019  14:52:43         PAGE  3


SYMBOL TABLE
  LABEL                             VALUE 

C                                 00000000
CLOCK                             00000043
COUNT                             00000042
COUNT1                            00000044
COUNT2                            00000045
DC                                00000001
DELAY                             0000000F
EEADR                             00000009
EECON1                            00000088
EECON2                            00000089
EEDATA                            00000008
EEIE                              00000006
EEIF                              00000004
F                                 00000001
FSR                               00000004
GIE                               00000007
INDF                              00000000
INTCON                            0000000B
INTE                              00000004
INTEDG                            00000006
INTF                              00000001
IRP                               00000007
Loop1                             00000015
Loop2                             00000019
Loop3                             0000001E
Main                              0000000B
NOT_PD                            00000003
NOT_RBPU                          00000007
NOT_TO                            00000004
OPTION_REG                        00000081
PCL                               00000002
PCLATH                            0000000A
PORTA                             00000005
PORTB                             00000006
PS0                               00000000
PS1                               00000001
PS2                               00000002
PSA                               00000003
RA0                               00000000
RA1                               00000001
RA2                               00000002
RA3                               00000003
RA4                               00000004
RB0                               00000000
RB1                               00000001
RB2                               00000002
RB3                               00000003
RB4                               00000004
RB5                               00000005
RB6                               00000006
RB7                               00000007
RBIE                              00000003
RBIF                              00000000
MPASM 5.82             LAB_7_BINARYCOUNT.ASM   4-14-2019  14:52:43         PAGE  4


SYMBOL TABLE
  LABEL                             VALUE 

RD                                00000000
RP0                               00000005
RP1                               00000006
START                             00000005
STATUS                            00000003
Subroutine                        0000000F
T0CS                              00000005
T0IE                              00000005
T0IF                              00000002
T0SE                              00000004
TEMP                              00000040
TEMP2                             00000041
TMR0                              00000001
TMR0IE                            00000005
TMR0IF                            00000002
TRISA                             00000085
TRISA0                            00000000
TRISA1                            00000001
TRISA2                            00000002
TRISA3                            00000003
TRISA4                            00000004
TRISB                             00000086
TRISB0                            00000000
TRISB1                            00000001
TRISB2                            00000002
TRISB3                            00000003
TRISB4                            00000004
TRISB5                            00000005
TRISB6                            00000006
TRISB7                            00000007
W                                 00000000
WR                                00000001
WREN                              00000002
WRERR                             00000003
Z                                 00000002
_CONFIG                           00002007
_CP_OFF                           00003FFF
_CP_ON                            0000000F
_DEVID1                           00002006
_FOSC_EXTRC                       00003FFF
_FOSC_HS                          00003FFE
_FOSC_LP                          00003FFC
_FOSC_XT                          00003FFD
_HS_N0_WDT_PTM                    00003FF2
_HS_NO_WDT                        00003FFA
_HS_OSC                           00003FFE
_IDLOC0                           00002000
_IDLOC1                           00002001
_IDLOC2                           00002002
_IDLOC3                           00002003
_LP_OSC                           00003FFC
_PWRTE_OFF                        00003FFF
_PWRTE_ON                         00003FF7
MPASM 5.82             LAB_7_BINARYCOUNT.ASM   4-14-2019  14:52:43         PAGE  5


SYMBOL TABLE
  LABEL                             VALUE 

_RC_OSC                           00003FFF
_WDTE_OFF                         00003FFB
_WDTE_ON                          00003FFF
_WDT_OFF                          00003FFB
_WDT_ON                           00003FFF
_XT_OSC                           00003FFD
__16F84A                          00000001


MEMORY USAGE MAP ('X' = Used,  '-' = Unused)

0000 : X---XXXXXXXXXXXX XXXXXXXXXXXXXXXX XXXX------------ ----------------
2000 : -------X-------- ---------------- ---------------- ----------------

All other memory blocks unused.

Program Memory Words Used:    33
Program Memory Words Free:   991


Errors   :     0
Warnings :     0 reported,     0 suppressed
Messages :     1 reported,     0 suppressed

